------------------------------------TypeError------------------------------------
Cannot read properties of undefined (reading 'map')
TypeError: Cannot read properties of undefined (reading 'map')
    at ContractController.<anonymous> (C:\Users\lcsystem\Desktop\DEV\api-rempkine\src\controllers\contract.ts:227:45)
    at step (C:\Users\lcsystem\Desktop\DEV\api-rempkine\src\controllers\contract.ts:59:23)
    at Object.next (C:\Users\lcsystem\Desktop\DEV\api-rempkine\src\controllers\contract.ts:40:53)
    at C:\Users\lcsystem\Desktop\DEV\api-rempkine\src\controllers\contract.ts:34:71
    at new Promise (<anonymous>)
    at __awaiter (C:\Users\lcsystem\Desktop\DEV\api-rempkine\src\controllers\contract.ts:30:12)
    at ContractController._this.registerLocals (C:\Users\lcsystem\Desktop\DEV\api-rempkine\src\controllers\contract.ts:218:61)
    at Layer.handle [as handle_request] (C:\Users\lcsystem\Desktop\DEV\api-rempkine\node_modules\express\lib\router\layer.js:95:5)
    at next (C:\Users\lcsystem\Desktop\DEV\api-rempkine\node_modules\express\lib\router\route.js:149:13)
    at Route.dispatch (C:\Users\lcsystem\Desktop\DEV\api-rempkine\node_modules\express\lib\router\route.js:119:3)
------------------------------------------------------------------------------------------------------------TypeError------------------------------------
Cannot read properties of undefined (reading 'map')
TypeError: Cannot read properties of undefined (reading 'map')
    at ContractController.<anonymous> (C:\Users\lcsystem\Desktop\DEV\api-rempkine\src\controllers\contract.ts:227:45)
    at step (C:\Users\lcsystem\Desktop\DEV\api-rempkine\src\controllers\contract.ts:59:23)
    at Object.next (C:\Users\lcsystem\Desktop\DEV\api-rempkine\src\controllers\contract.ts:40:53)
    at C:\Users\lcsystem\Desktop\DEV\api-rempkine\src\controllers\contract.ts:34:71
    at new Promise (<anonymous>)
    at __awaiter (C:\Users\lcsystem\Desktop\DEV\api-rempkine\src\controllers\contract.ts:30:12)
    at ContractController._this.registerLocals (C:\Users\lcsystem\Desktop\DEV\api-rempkine\src\controllers\contract.ts:218:61)
    at Layer.handle [as handle_request] (C:\Users\lcsystem\Desktop\DEV\api-rempkine\node_modules\express\lib\router\layer.js:95:5)
    at next (C:\Users\lcsystem\Desktop\DEV\api-rempkine\node_modules\express\lib\router\route.js:149:13)
    at Route.dispatch (C:\Users\lcsystem\Desktop\DEV\api-rempkine\node_modules\express\lib\router\route.js:119:3)
------------------------------------------------------------------------------------------------------------TypeError------------------------------------
Cannot read properties of null (reading 'id')
TypeError: Cannot read properties of null (reading 'id')
    at ContractController.<anonymous> (C:\Users\lcsystem\Desktop\DEV\api-rempkine\src\controllers\contract.ts:228:49)
    at step (C:\Users\lcsystem\Desktop\DEV\api-rempkine\src\controllers\contract.ts:59:23)
    at Object.next (C:\Users\lcsystem\Desktop\DEV\api-rempkine\src\controllers\contract.ts:40:53)
    at fulfilled (C:\Users\lcsystem\Desktop\DEV\api-rempkine\src\controllers\contract.ts:31:58)
    at processTicksAndRejections (node:internal/process/task_queues:105:5)
------------------------------------------------------------------------------------------------------------TypeError------------------------------------
Cannot read properties of null (reading 'id')
TypeError: Cannot read properties of null (reading 'id')
    at ContractController.<anonymous> (C:\Users\lcsystem\Desktop\DEV\api-rempkine\src\controllers\contract.ts:228:49)
    at step (C:\Users\lcsystem\Desktop\DEV\api-rempkine\src\controllers\contract.ts:59:23)
    at Object.next (C:\Users\lcsystem\Desktop\DEV\api-rempkine\src\controllers\contract.ts:40:53)
    at fulfilled (C:\Users\lcsystem\Desktop\DEV\api-rempkine\src\controllers\contract.ts:31:58)
    at processTicksAndRejections (node:internal/process/task_queues:105:5)
------------------------------------------------------------------------------------------------------------TypeError------------------------------------
Cannot read properties of null (reading 'id')
TypeError: Cannot read properties of null (reading 'id')
    at ContractController.<anonymous> (C:\Users\lcsystem\Desktop\DEV\api-rempkine\src\controllers\contract.ts:230:49)
    at step (C:\Users\lcsystem\Desktop\DEV\api-rempkine\src\controllers\contract.ts:59:23)
    at Object.next (C:\Users\lcsystem\Desktop\DEV\api-rempkine\src\controllers\contract.ts:40:53)
    at fulfilled (C:\Users\lcsystem\Desktop\DEV\api-rempkine\src\controllers\contract.ts:31:58)
    at processTicksAndRejections (node:internal/process/task_queues:105:5)
------------------------------------------------------------------------------------------------------------TypeError------------------------------------
Cannot read properties of null (reading 'id')
TypeError: Cannot read properties of null (reading 'id')
    at ContractController.<anonymous> (C:\Users\lcsystem\Desktop\DEV\api-rempkine\src\controllers\contract.ts:231:49)
    at step (C:\Users\lcsystem\Desktop\DEV\api-rempkine\src\controllers\contract.ts:59:23)
    at Object.next (C:\Users\lcsystem\Desktop\DEV\api-rempkine\src\controllers\contract.ts:40:53)
    at fulfilled (C:\Users\lcsystem\Desktop\DEV\api-rempkine\src\controllers\contract.ts:31:58)
    at processTicksAndRejections (node:internal/process/task_queues:105:5)
------------------------------------------------------------------------------------------------------------TypeError------------------------------------
Cannot read properties of null (reading 'id')
TypeError: Cannot read properties of null (reading 'id')
    at ContractController.<anonymous> (C:\Users\lcsystem\Desktop\DEV\api-rempkine\src\controllers\contract.ts:231:49)
    at step (C:\Users\lcsystem\Desktop\DEV\api-rempkine\src\controllers\contract.ts:59:23)
    at Object.next (C:\Users\lcsystem\Desktop\DEV\api-rempkine\src\controllers\contract.ts:40:53)
    at fulfilled (C:\Users\lcsystem\Desktop\DEV\api-rempkine\src\controllers\contract.ts:31:58)
    at processTicksAndRejections (node:internal/process/task_queues:105:5)
------------------------------------------------------------------------------------------------------------TypeError------------------------------------
Cannot read properties of undefined (reading 'contracts')
TypeError: Cannot read properties of undefined (reading 'contracts')
    at ContractController.<anonymous> (C:\Users\lcsystem\Desktop\DEV\api-rempkine\src\controllers\contract.ts:234:30)
    at step (C:\Users\lcsystem\Desktop\DEV\api-rempkine\src\controllers\contract.ts:59:23)
    at Object.next (C:\Users\lcsystem\Desktop\DEV\api-rempkine\src\controllers\contract.ts:40:53)
    at fulfilled (C:\Users\lcsystem\Desktop\DEV\api-rempkine\src\controllers\contract.ts:31:58)
    at processTicksAndRejections (node:internal/process/task_queues:105:5)
------------------------------------------------------------------------------------------------------------TypeError------------------------------------
Cannot read properties of undefined (reading 'contracts')
TypeError: Cannot read properties of undefined (reading 'contracts')
    at ContractController.<anonymous> (C:\Users\lcsystem\Desktop\DEV\api-rempkine\src\controllers\contract.ts:236:30)
    at step (C:\Users\lcsystem\Desktop\DEV\api-rempkine\src\controllers\contract.ts:59:23)
    at Object.next (C:\Users\lcsystem\Desktop\DEV\api-rempkine\src\controllers\contract.ts:40:53)
    at fulfilled (C:\Users\lcsystem\Desktop\DEV\api-rempkine\src\controllers\contract.ts:31:58)
    at processTicksAndRejections (node:internal/process/task_queues:105:5)
------------------------------------------------------------------------------------------------------------TypeError------------------------------------
Cannot read properties of undefined (reading 'contracts')
TypeError: Cannot read properties of undefined (reading 'contracts')
    at ContractController.<anonymous> (C:\Users\lcsystem\Desktop\DEV\api-rempkine\src\controllers\contract.ts:236:30)
    at step (C:\Users\lcsystem\Desktop\DEV\api-rempkine\src\controllers\contract.ts:59:23)
    at Object.next (C:\Users\lcsystem\Desktop\DEV\api-rempkine\src\controllers\contract.ts:40:53)
    at fulfilled (C:\Users\lcsystem\Desktop\DEV\api-rempkine\src\controllers\contract.ts:31:58)
    at processTicksAndRejections (node:internal/process/task_queues:105:5)
------------------------------------------------------------------------------------------------------------TypeError------------------------------------
Cannot read properties of undefined (reading 'contracts')
TypeError: Cannot read properties of undefined (reading 'contracts')
    at ContractController.<anonymous> (C:\Users\lcsystem\Desktop\DEV\api-rempkine\src\controllers\contract.ts:240:30)
    at step (C:\Users\lcsystem\Desktop\DEV\api-rempkine\src\controllers\contract.ts:59:23)
    at Object.next (C:\Users\lcsystem\Desktop\DEV\api-rempkine\src\controllers\contract.ts:40:53)
    at fulfilled (C:\Users\lcsystem\Desktop\DEV\api-rempkine\src\controllers\contract.ts:31:58)
    at processTicksAndRejections (node:internal/process/task_queues:105:5)
------------------------------------------------------------------------------------------------------------TypeError------------------------------------
Cannot read properties of undefined (reading 'contracts')
TypeError: Cannot read properties of undefined (reading 'contracts')
    at ContractController.<anonymous> (C:\Users\lcsystem\Desktop\DEV\api-rempkine\src\controllers\contract.ts:240:30)
    at step (C:\Users\lcsystem\Desktop\DEV\api-rempkine\src\controllers\contract.ts:59:23)
    at Object.next (C:\Users\lcsystem\Desktop\DEV\api-rempkine\src\controllers\contract.ts:40:53)
    at fulfilled (C:\Users\lcsystem\Desktop\DEV\api-rempkine\src\controllers\contract.ts:31:58)
    at processTicksAndRejections (node:internal/process/task_queues:105:5)
------------------------------------------------------------------------------------------------------------UpdateValuesMissingError------------------------------------
Cannot perform update query because update values are not defined. Call "qb.set(...)" method to specify updated values.
UpdateValuesMissingError: Cannot perform update query because update values are not defined. Call "qb.set(...)" method to specify updated values.
    at UpdateQueryBuilder.createUpdateExpression (C:\Users\lcsystem\Desktop\DEV\api-rempkine\node_modules\src\query-builder\UpdateQueryBuilder.ts:681:19)
    at UpdateQueryBuilder.getQuery (C:\Users\lcsystem\Desktop\DEV\api-rempkine\node_modules\src\query-builder\UpdateQueryBuilder.ts:53:21)
    at UpdateQueryBuilder.getQueryAndParameters (C:\Users\lcsystem\Desktop\DEV\api-rempkine\node_modules\src\query-builder\QueryBuilder.ts:495:28)
    at UpdateQueryBuilder.execute (C:\Users\lcsystem\Desktop\DEV\api-rempkine\node_modules\src\query-builder\UpdateQueryBuilder.ts:142:50)
    at updateSubject (C:\Users\lcsystem\Desktop\DEV\api-rempkine\node_modules\src\persistence\SubjectExecutor.ts:618:63)
    at Array.map (<anonymous>)
    at SubjectExecutor.executeUpdateOperations (C:\Users\lcsystem\Desktop\DEV\api-rempkine\node_modules\src\persistence\SubjectExecutor.ts:670:34)
    at SubjectExecutor.execute (C:\Users\lcsystem\Desktop\DEV\api-rempkine\node_modules\src\persistence\SubjectExecutor.ts:148:20)
    at processTicksAndRejections (node:internal/process/task_queues:105:5)
    at async EntityPersistExecutor.execute (C:\Users\lcsystem\Desktop\DEV\api-rempkine\node_modules\src\persistence\EntityPersistExecutor.ts:182:21)
------------------------------------------------------------------------------------------------------------UpdateValuesMissingError------------------------------------
Cannot perform update query because update values are not defined. Call "qb.set(...)" method to specify updated values.
UpdateValuesMissingError: Cannot perform update query because update values are not defined. Call "qb.set(...)" method to specify updated values.
    at UpdateQueryBuilder.createUpdateExpression (C:\Users\lcsystem\Desktop\DEV\api-rempkine\node_modules\src\query-builder\UpdateQueryBuilder.ts:681:19)
    at UpdateQueryBuilder.getQuery (C:\Users\lcsystem\Desktop\DEV\api-rempkine\node_modules\src\query-builder\UpdateQueryBuilder.ts:53:21)
    at UpdateQueryBuilder.getQueryAndParameters (C:\Users\lcsystem\Desktop\DEV\api-rempkine\node_modules\src\query-builder\QueryBuilder.ts:495:28)
    at UpdateQueryBuilder.execute (C:\Users\lcsystem\Desktop\DEV\api-rempkine\node_modules\src\query-builder\UpdateQueryBuilder.ts:142:50)
    at updateSubject (C:\Users\lcsystem\Desktop\DEV\api-rempkine\node_modules\src\persistence\SubjectExecutor.ts:618:63)
    at Array.map (<anonymous>)
    at SubjectExecutor.executeUpdateOperations (C:\Users\lcsystem\Desktop\DEV\api-rempkine\node_modules\src\persistence\SubjectExecutor.ts:670:34)
    at SubjectExecutor.execute (C:\Users\lcsystem\Desktop\DEV\api-rempkine\node_modules\src\persistence\SubjectExecutor.ts:148:20)
    at processTicksAndRejections (node:internal/process/task_queues:105:5)
    at async EntityPersistExecutor.execute (C:\Users\lcsystem\Desktop\DEV\api-rempkine\node_modules\src\persistence\EntityPersistExecutor.ts:182:21)
------------------------------------------------------------------------------------------------------------UpdateValuesMissingError------------------------------------
Cannot perform update query because update values are not defined. Call "qb.set(...)" method to specify updated values.
UpdateValuesMissingError: Cannot perform update query because update values are not defined. Call "qb.set(...)" method to specify updated values.
    at UpdateQueryBuilder.createUpdateExpression (C:\Users\lcsystem\Desktop\DEV\api-rempkine\node_modules\src\query-builder\UpdateQueryBuilder.ts:681:19)
    at UpdateQueryBuilder.getQuery (C:\Users\lcsystem\Desktop\DEV\api-rempkine\node_modules\src\query-builder\UpdateQueryBuilder.ts:53:21)
    at UpdateQueryBuilder.getQueryAndParameters (C:\Users\lcsystem\Desktop\DEV\api-rempkine\node_modules\src\query-builder\QueryBuilder.ts:495:28)
    at UpdateQueryBuilder.execute (C:\Users\lcsystem\Desktop\DEV\api-rempkine\node_modules\src\query-builder\UpdateQueryBuilder.ts:142:50)
    at updateSubject (C:\Users\lcsystem\Desktop\DEV\api-rempkine\node_modules\src\persistence\SubjectExecutor.ts:618:63)
    at Array.map (<anonymous>)
    at SubjectExecutor.executeUpdateOperations (C:\Users\lcsystem\Desktop\DEV\api-rempkine\node_modules\src\persistence\SubjectExecutor.ts:670:34)
    at SubjectExecutor.execute (C:\Users\lcsystem\Desktop\DEV\api-rempkine\node_modules\src\persistence\SubjectExecutor.ts:148:20)
    at processTicksAndRejections (node:internal/process/task_queues:105:5)
    at async EntityPersistExecutor.execute (C:\Users\lcsystem\Desktop\DEV\api-rempkine\node_modules\src\persistence\EntityPersistExecutor.ts:182:21)
------------------------------------------------------------------------------------------------------------TypeError------------------------------------
Cannot read properties of undefined (reading 'contracts')
TypeError: Cannot read properties of undefined (reading 'contracts')
    at ContractController.<anonymous> (C:\Users\lcsystem\Desktop\DEV\api-rempkine\src\controllers\contract.ts:234:33)
    at step (C:\Users\lcsystem\Desktop\DEV\api-rempkine\src\controllers\contract.ts:59:23)
    at Object.next (C:\Users\lcsystem\Desktop\DEV\api-rempkine\src\controllers\contract.ts:40:53)
    at fulfilled (C:\Users\lcsystem\Desktop\DEV\api-rempkine\src\controllers\contract.ts:31:58)
    at processTicksAndRejections (node:internal/process/task_queues:105:5)
------------------------------------------------------------------------------------------------------------TypeError------------------------------------
Cannot read properties of null (reading 'contracts')
TypeError: Cannot read properties of null (reading 'contracts')
    at ContractController.<anonymous> (C:\Users\lcsystem\Desktop\DEV\api-rempkine\src\controllers\contract.ts:243:33)
    at step (C:\Users\lcsystem\Desktop\DEV\api-rempkine\src\controllers\contract.ts:59:23)
    at Object.next (C:\Users\lcsystem\Desktop\DEV\api-rempkine\src\controllers\contract.ts:40:53)
    at C:\Users\lcsystem\Desktop\DEV\api-rempkine\src\controllers\contract.ts:34:71
    at new Promise (<anonymous>)
    at __awaiter (C:\Users\lcsystem\Desktop\DEV\api-rempkine\src\controllers\contract.ts:30:12)
    at ContractController.SyncContractsUpdate (C:\Users\lcsystem\Desktop\DEV\api-rempkine\src\controllers\contract.ts:462:16)
    at ContractController.<anonymous> (C:\Users\lcsystem\Desktop\DEV\api-rempkine\src\controllers\contract.ts:274:18)
    at step (C:\Users\lcsystem\Desktop\DEV\api-rempkine\src\controllers\contract.ts:59:23)
    at Object.next (C:\Users\lcsystem\Desktop\DEV\api-rempkine\src\controllers\contract.ts:40:53)
------------------------------------------------------------------------------------------------------------TypeError------------------------------------
Cannot read properties of undefined (reading 'updatedAt')
TypeError: Cannot read properties of undefined (reading 'updatedAt')
    at C:\Users\lcsystem\Desktop\DEV\api-rempkine\src\controllers\contract.ts:245:43
    at step (C:\Users\lcsystem\Desktop\DEV\api-rempkine\src\controllers\contract.ts:59:23)
    at Object.next (C:\Users\lcsystem\Desktop\DEV\api-rempkine\src\controllers\contract.ts:40:53)
    at step (C:\Users\lcsystem\Desktop\DEV\api-rempkine\src\controllers\contract.ts:44:139)
    at Object.next (C:\Users\lcsystem\Desktop\DEV\api-rempkine\src\controllers\contract.ts:40:53)
    at C:\Users\lcsystem\Desktop\DEV\api-rempkine\src\controllers\contract.ts:34:71
    at new Promise (<anonymous>)
    at __awaiter (C:\Users\lcsystem\Desktop\DEV\api-rempkine\src\controllers\contract.ts:30:12)
    at ContractController.SyncContractsUpdate (C:\Users\lcsystem\Desktop\DEV\api-rempkine\src\controllers\contract.ts:462:16)
    at ContractController.<anonymous> (C:\Users\lcsystem\Desktop\DEV\api-rempkine\src\controllers\contract.ts:274:18)
------------------------------------------------------------------------------------------------------------TypeError------------------------------------
Cannot read properties of undefined (reading 'updatedAt')
TypeError: Cannot read properties of undefined (reading 'updatedAt')
    at C:\Users\lcsystem\Desktop\DEV\api-rempkine\src\controllers\contract.ts:245:43
    at step (C:\Users\lcsystem\Desktop\DEV\api-rempkine\src\controllers\contract.ts:59:23)
    at Object.next (C:\Users\lcsystem\Desktop\DEV\api-rempkine\src\controllers\contract.ts:40:53)
    at step (C:\Users\lcsystem\Desktop\DEV\api-rempkine\src\controllers\contract.ts:44:139)
    at Object.next (C:\Users\lcsystem\Desktop\DEV\api-rempkine\src\controllers\contract.ts:40:53)
    at C:\Users\lcsystem\Desktop\DEV\api-rempkine\src\controllers\contract.ts:34:71
    at new Promise (<anonymous>)
    at __awaiter (C:\Users\lcsystem\Desktop\DEV\api-rempkine\src\controllers\contract.ts:30:12)
    at ContractController.SyncContractsUpdate (C:\Users\lcsystem\Desktop\DEV\api-rempkine\src\controllers\contract.ts:462:16)
    at ContractController.<anonymous> (C:\Users\lcsystem\Desktop\DEV\api-rempkine\src\controllers\contract.ts:274:18)
------------------------------------------------------------------------------------------------------------TypeError------------------------------------
Cannot read properties of undefined (reading 'id')
TypeError: Cannot read properties of undefined (reading 'id')
    at C:\Users\lcsystem\Desktop\DEV\api-rempkine\src\controllers\contract.ts:244:79
    at Array.find (<anonymous>)
    at C:\Users\lcsystem\Desktop\DEV\api-rempkine\src\controllers\contract.ts:244:35
    at step (C:\Users\lcsystem\Desktop\DEV\api-rempkine\src\controllers\contract.ts:59:23)
    at Object.next (C:\Users\lcsystem\Desktop\DEV\api-rempkine\src\controllers\contract.ts:40:53)
    at step (C:\Users\lcsystem\Desktop\DEV\api-rempkine\src\controllers\contract.ts:44:139)
    at Object.next (C:\Users\lcsystem\Desktop\DEV\api-rempkine\src\controllers\contract.ts:40:53)
    at C:\Users\lcsystem\Desktop\DEV\api-rempkine\src\controllers\contract.ts:34:71
    at new Promise (<anonymous>)
    at __awaiter (C:\Users\lcsystem\Desktop\DEV\api-rempkine\src\controllers\contract.ts:30:12)
------------------------------------------------------------------------------------------------------------TypeError------------------------------------
Cannot read properties of undefined (reading 'id')
TypeError: Cannot read properties of undefined (reading 'id')
    at C:\Users\lcsystem\Desktop\DEV\api-rempkine\src\controllers\contract.ts:244:79
    at Array.find (<anonymous>)
    at C:\Users\lcsystem\Desktop\DEV\api-rempkine\src\controllers\contract.ts:244:35
    at step (C:\Users\lcsystem\Desktop\DEV\api-rempkine\src\controllers\contract.ts:59:23)
    at Object.next (C:\Users\lcsystem\Desktop\DEV\api-rempkine\src\controllers\contract.ts:40:53)
    at step (C:\Users\lcsystem\Desktop\DEV\api-rempkine\src\controllers\contract.ts:44:139)
    at Object.next (C:\Users\lcsystem\Desktop\DEV\api-rempkine\src\controllers\contract.ts:40:53)
    at C:\Users\lcsystem\Desktop\DEV\api-rempkine\src\controllers\contract.ts:34:71
    at new Promise (<anonymous>)
    at __awaiter (C:\Users\lcsystem\Desktop\DEV\api-rempkine\src\controllers\contract.ts:30:12)
------------------------------------------------------------------------------------------------------------TypeError------------------------------------
Cannot read properties of undefined (reading 'id')
TypeError: Cannot read properties of undefined (reading 'id')
    at C:\Users\lcsystem\Desktop\DEV\api-rempkine\src\controllers\contract.ts:244:79
    at Array.find (<anonymous>)
    at C:\Users\lcsystem\Desktop\DEV\api-rempkine\src\controllers\contract.ts:244:35
    at step (C:\Users\lcsystem\Desktop\DEV\api-rempkine\src\controllers\contract.ts:59:23)
    at Object.next (C:\Users\lcsystem\Desktop\DEV\api-rempkine\src\controllers\contract.ts:40:53)
    at step (C:\Users\lcsystem\Desktop\DEV\api-rempkine\src\controllers\contract.ts:44:139)
    at Object.next (C:\Users\lcsystem\Desktop\DEV\api-rempkine\src\controllers\contract.ts:40:53)
    at C:\Users\lcsystem\Desktop\DEV\api-rempkine\src\controllers\contract.ts:34:71
    at new Promise (<anonymous>)
    at __awaiter (C:\Users\lcsystem\Desktop\DEV\api-rempkine\src\controllers\contract.ts:30:12)
------------------------------------------------------------------------------------------------------------TypeError------------------------------------
Cannot read properties of undefined (reading 'id')
TypeError: Cannot read properties of undefined (reading 'id')
    at C:\Users\lcsystem\Desktop\DEV\api-rempkine\src\controllers\contract.ts:244:79
    at Array.find (<anonymous>)
    at C:\Users\lcsystem\Desktop\DEV\api-rempkine\src\controllers\contract.ts:244:35
    at step (C:\Users\lcsystem\Desktop\DEV\api-rempkine\src\controllers\contract.ts:59:23)
    at Object.next (C:\Users\lcsystem\Desktop\DEV\api-rempkine\src\controllers\contract.ts:40:53)
    at step (C:\Users\lcsystem\Desktop\DEV\api-rempkine\src\controllers\contract.ts:44:139)
    at Object.next (C:\Users\lcsystem\Desktop\DEV\api-rempkine\src\controllers\contract.ts:40:53)
    at C:\Users\lcsystem\Desktop\DEV\api-rempkine\src\controllers\contract.ts:34:71
    at new Promise (<anonymous>)
    at __awaiter (C:\Users\lcsystem\Desktop\DEV\api-rempkine\src\controllers\contract.ts:30:12)
------------------------------------------------------------------------------------------------------------TypeError------------------------------------
Cannot read properties of undefined (reading 'id')
TypeError: Cannot read properties of undefined (reading 'id')
    at C:\Users\lcsystem\Desktop\DEV\api-rempkine\src\controllers\contract.ts:244:79
    at Array.find (<anonymous>)
    at C:\Users\lcsystem\Desktop\DEV\api-rempkine\src\controllers\contract.ts:244:35
    at step (C:\Users\lcsystem\Desktop\DEV\api-rempkine\src\controllers\contract.ts:59:23)
    at Object.next (C:\Users\lcsystem\Desktop\DEV\api-rempkine\src\controllers\contract.ts:40:53)
    at step (C:\Users\lcsystem\Desktop\DEV\api-rempkine\src\controllers\contract.ts:44:139)
    at Object.next (C:\Users\lcsystem\Desktop\DEV\api-rempkine\src\controllers\contract.ts:40:53)
    at C:\Users\lcsystem\Desktop\DEV\api-rempkine\src\controllers\contract.ts:34:71
    at new Promise (<anonymous>)
    at __awaiter (C:\Users\lcsystem\Desktop\DEV\api-rempkine\src\controllers\contract.ts:30:12)
------------------------------------------------------------------------------------------------------------TypeError------------------------------------
Cannot read properties of undefined (reading 'id')
TypeError: Cannot read properties of undefined (reading 'id')
    at C:\Users\lcsystem\Desktop\DEV\api-rempkine\src\controllers\contract.ts:248:79
    at Array.find (<anonymous>)
    at C:\Users\lcsystem\Desktop\DEV\api-rempkine\src\controllers\contract.ts:248:35
    at step (C:\Users\lcsystem\Desktop\DEV\api-rempkine\src\controllers\contract.ts:59:23)
    at Object.next (C:\Users\lcsystem\Desktop\DEV\api-rempkine\src\controllers\contract.ts:40:53)
    at step (C:\Users\lcsystem\Desktop\DEV\api-rempkine\src\controllers\contract.ts:44:139)
    at Object.next (C:\Users\lcsystem\Desktop\DEV\api-rempkine\src\controllers\contract.ts:40:53)
    at C:\Users\lcsystem\Desktop\DEV\api-rempkine\src\controllers\contract.ts:34:71
    at new Promise (<anonymous>)
    at __awaiter (C:\Users\lcsystem\Desktop\DEV\api-rempkine\src\controllers\contract.ts:30:12)
------------------------------------------------------------------------------------------------------------TypeError------------------------------------
contract_.updatedAt.toDateString is not a function
TypeError: contract_.updatedAt.toDateString is not a function
    at C:\Users\lcsystem\Desktop\DEV\api-rempkine\src\controllers\contract.ts:246:68
    at step (C:\Users\lcsystem\Desktop\DEV\api-rempkine\src\controllers\contract.ts:59:23)
    at Object.next (C:\Users\lcsystem\Desktop\DEV\api-rempkine\src\controllers\contract.ts:40:53)
    at step (C:\Users\lcsystem\Desktop\DEV\api-rempkine\src\controllers\contract.ts:44:139)
    at Object.next (C:\Users\lcsystem\Desktop\DEV\api-rempkine\src\controllers\contract.ts:40:53)
    at C:\Users\lcsystem\Desktop\DEV\api-rempkine\src\controllers\contract.ts:34:71
    at new Promise (<anonymous>)
    at __awaiter (C:\Users\lcsystem\Desktop\DEV\api-rempkine\src\controllers\contract.ts:30:12)
    at ContractController.SyncContractsUpdate (C:\Users\lcsystem\Desktop\DEV\api-rempkine\src\controllers\contract.ts:463:16)
    at ContractController.<anonymous> (C:\Users\lcsystem\Desktop\DEV\api-rempkine\src\controllers\contract.ts:276:18)
------------------------------------------------------------------------------------------------------------TypeError------------------------------------
contract_.updatedAt.toDateString is not a function
TypeError: contract_.updatedAt.toDateString is not a function
    at C:\Users\lcsystem\Desktop\DEV\api-rempkine\src\controllers\contract.ts:247:68
    at step (C:\Users\lcsystem\Desktop\DEV\api-rempkine\src\controllers\contract.ts:59:23)
    at Object.next (C:\Users\lcsystem\Desktop\DEV\api-rempkine\src\controllers\contract.ts:40:53)
    at step (C:\Users\lcsystem\Desktop\DEV\api-rempkine\src\controllers\contract.ts:44:139)
    at Object.next (C:\Users\lcsystem\Desktop\DEV\api-rempkine\src\controllers\contract.ts:40:53)
    at C:\Users\lcsystem\Desktop\DEV\api-rempkine\src\controllers\contract.ts:34:71
    at new Promise (<anonymous>)
    at __awaiter (C:\Users\lcsystem\Desktop\DEV\api-rempkine\src\controllers\contract.ts:30:12)
    at ContractController.SyncContractsUpdate (C:\Users\lcsystem\Desktop\DEV\api-rempkine\src\controllers\contract.ts:463:16)
    at ContractController.<anonymous> (C:\Users\lcsystem\Desktop\DEV\api-rempkine\src\controllers\contract.ts:276:18)
------------------------------------------------------------------------------------------------------------TypeError------------------------------------
contract_.updatedAt.toDateString is not a function
TypeError: contract_.updatedAt.toDateString is not a function
    at C:\Users\lcsystem\Desktop\DEV\api-rempkine\src\controllers\contract.ts:247:68
    at step (C:\Users\lcsystem\Desktop\DEV\api-rempkine\src\controllers\contract.ts:59:23)
    at Object.next (C:\Users\lcsystem\Desktop\DEV\api-rempkine\src\controllers\contract.ts:40:53)
    at step (C:\Users\lcsystem\Desktop\DEV\api-rempkine\src\controllers\contract.ts:44:139)
    at Object.next (C:\Users\lcsystem\Desktop\DEV\api-rempkine\src\controllers\contract.ts:40:53)
    at C:\Users\lcsystem\Desktop\DEV\api-rempkine\src\controllers\contract.ts:34:71
    at new Promise (<anonymous>)
    at __awaiter (C:\Users\lcsystem\Desktop\DEV\api-rempkine\src\controllers\contract.ts:30:12)
    at ContractController.SyncContractsUpdate (C:\Users\lcsystem\Desktop\DEV\api-rempkine\src\controllers\contract.ts:463:16)
    at ContractController.<anonymous> (C:\Users\lcsystem\Desktop\DEV\api-rempkine\src\controllers\contract.ts:276:18)
------------------------------------------------------------------------------------------------------------TypeError------------------------------------
contract_.updatedAt.toDateString is not a function
TypeError: contract_.updatedAt.toDateString is not a function
    at C:\Users\lcsystem\Desktop\DEV\api-rempkine\src\controllers\contract.ts:247:68
    at step (C:\Users\lcsystem\Desktop\DEV\api-rempkine\src\controllers\contract.ts:59:23)
    at Object.next (C:\Users\lcsystem\Desktop\DEV\api-rempkine\src\controllers\contract.ts:40:53)
    at step (C:\Users\lcsystem\Desktop\DEV\api-rempkine\src\controllers\contract.ts:44:139)
    at Object.next (C:\Users\lcsystem\Desktop\DEV\api-rempkine\src\controllers\contract.ts:40:53)
    at C:\Users\lcsystem\Desktop\DEV\api-rempkine\src\controllers\contract.ts:34:71
    at new Promise (<anonymous>)
    at __awaiter (C:\Users\lcsystem\Desktop\DEV\api-rempkine\src\controllers\contract.ts:30:12)
    at ContractController.SyncContractsUpdate (C:\Users\lcsystem\Desktop\DEV\api-rempkine\src\controllers\contract.ts:463:16)
    at ContractController.<anonymous> (C:\Users\lcsystem\Desktop\DEV\api-rempkine\src\controllers\contract.ts:276:18)
------------------------------------------------------------------------------------------------------------TypeError------------------------------------
Cannot read properties of undefined (reading 'updatedAt')
TypeError: Cannot read properties of undefined (reading 'updatedAt')
    at C:\Users\lcsystem\Desktop\DEV\api-rempkine\src\controllers\contract.ts:245:50
    at step (C:\Users\lcsystem\Desktop\DEV\api-rempkine\src\controllers\contract.ts:59:23)
    at Object.next (C:\Users\lcsystem\Desktop\DEV\api-rempkine\src\controllers\contract.ts:40:53)
    at step (C:\Users\lcsystem\Desktop\DEV\api-rempkine\src\controllers\contract.ts:44:139)
    at Object.next (C:\Users\lcsystem\Desktop\DEV\api-rempkine\src\controllers\contract.ts:40:53)
    at C:\Users\lcsystem\Desktop\DEV\api-rempkine\src\controllers\contract.ts:34:71
    at new Promise (<anonymous>)
    at __awaiter (C:\Users\lcsystem\Desktop\DEV\api-rempkine\src\controllers\contract.ts:30:12)
    at ContractController.SyncContractsUpdate (C:\Users\lcsystem\Desktop\DEV\api-rempkine\src\controllers\contract.ts:463:16)
    at ContractController.<anonymous> (C:\Users\lcsystem\Desktop\DEV\api-rempkine\src\controllers\contract.ts:275:18)
------------------------------------------------------------------------------------------------------------TypeError------------------------------------
Cannot read properties of undefined (reading 'updatedAt')
TypeError: Cannot read properties of undefined (reading 'updatedAt')
    at C:\Users\lcsystem\Desktop\DEV\api-rempkine\src\controllers\contract.ts:245:50
    at step (C:\Users\lcsystem\Desktop\DEV\api-rempkine\src\controllers\contract.ts:59:23)
    at Object.next (C:\Users\lcsystem\Desktop\DEV\api-rempkine\src\controllers\contract.ts:40:53)
    at step (C:\Users\lcsystem\Desktop\DEV\api-rempkine\src\controllers\contract.ts:44:139)
    at Object.next (C:\Users\lcsystem\Desktop\DEV\api-rempkine\src\controllers\contract.ts:40:53)
    at C:\Users\lcsystem\Desktop\DEV\api-rempkine\src\controllers\contract.ts:34:71
    at new Promise (<anonymous>)
    at __awaiter (C:\Users\lcsystem\Desktop\DEV\api-rempkine\src\controllers\contract.ts:30:12)
    at ContractController.SyncContractsUpdate (C:\Users\lcsystem\Desktop\DEV\api-rempkine\src\controllers\contract.ts:463:16)
    at ContractController.<anonymous> (C:\Users\lcsystem\Desktop\DEV\api-rempkine\src\controllers\contract.ts:275:18)
------------------------------------------------------------------------------------------------------------TypeError------------------------------------
Cannot read properties of undefined (reading 'updatedAt')
TypeError: Cannot read properties of undefined (reading 'updatedAt')
    at C:\Users\lcsystem\Desktop\DEV\api-rempkine\src\controllers\contract.ts:245:50
    at step (C:\Users\lcsystem\Desktop\DEV\api-rempkine\src\controllers\contract.ts:59:23)
    at Object.next (C:\Users\lcsystem\Desktop\DEV\api-rempkine\src\controllers\contract.ts:40:53)
    at step (C:\Users\lcsystem\Desktop\DEV\api-rempkine\src\controllers\contract.ts:44:139)
    at Object.next (C:\Users\lcsystem\Desktop\DEV\api-rempkine\src\controllers\contract.ts:40:53)
    at C:\Users\lcsystem\Desktop\DEV\api-rempkine\src\controllers\contract.ts:34:71
    at new Promise (<anonymous>)
    at __awaiter (C:\Users\lcsystem\Desktop\DEV\api-rempkine\src\controllers\contract.ts:30:12)
    at ContractController.SyncContractsUpdate (C:\Users\lcsystem\Desktop\DEV\api-rempkine\src\controllers\contract.ts:463:16)
    at ContractController.<anonymous> (C:\Users\lcsystem\Desktop\DEV\api-rempkine\src\controllers\contract.ts:275:18)
------------------------------------------------------------------------------------------------------------TypeError------------------------------------
Cannot read properties of undefined (reading 'updatedAt')
TypeError: Cannot read properties of undefined (reading 'updatedAt')
    at C:\Users\lcsystem\Desktop\DEV\api-rempkine\src\controllers\contract.ts:245:50
    at step (C:\Users\lcsystem\Desktop\DEV\api-rempkine\src\controllers\contract.ts:59:23)
    at Object.next (C:\Users\lcsystem\Desktop\DEV\api-rempkine\src\controllers\contract.ts:40:53)
    at step (C:\Users\lcsystem\Desktop\DEV\api-rempkine\src\controllers\contract.ts:44:139)
    at Object.next (C:\Users\lcsystem\Desktop\DEV\api-rempkine\src\controllers\contract.ts:40:53)
    at C:\Users\lcsystem\Desktop\DEV\api-rempkine\src\controllers\contract.ts:34:71
    at new Promise (<anonymous>)
    at __awaiter (C:\Users\lcsystem\Desktop\DEV\api-rempkine\src\controllers\contract.ts:30:12)
    at ContractController.SyncContractsUpdate (C:\Users\lcsystem\Desktop\DEV\api-rempkine\src\controllers\contract.ts:463:16)
    at ContractController.<anonymous> (C:\Users\lcsystem\Desktop\DEV\api-rempkine\src\controllers\contract.ts:275:18)
------------------------------------------------------------------------------------------------------------TypeError------------------------------------
Cannot read properties of undefined (reading 'updatedAt')
TypeError: Cannot read properties of undefined (reading 'updatedAt')
    at C:\Users\lcsystem\Desktop\DEV\api-rempkine\src\controllers\contract.ts:245:50
    at step (C:\Users\lcsystem\Desktop\DEV\api-rempkine\src\controllers\contract.ts:59:23)
    at Object.next (C:\Users\lcsystem\Desktop\DEV\api-rempkine\src\controllers\contract.ts:40:53)
    at step (C:\Users\lcsystem\Desktop\DEV\api-rempkine\src\controllers\contract.ts:44:139)
    at Object.next (C:\Users\lcsystem\Desktop\DEV\api-rempkine\src\controllers\contract.ts:40:53)
    at C:\Users\lcsystem\Desktop\DEV\api-rempkine\src\controllers\contract.ts:34:71
    at new Promise (<anonymous>)
    at __awaiter (C:\Users\lcsystem\Desktop\DEV\api-rempkine\src\controllers\contract.ts:30:12)
    at ContractController.SyncContractsUpdate (C:\Users\lcsystem\Desktop\DEV\api-rempkine\src\controllers\contract.ts:463:16)
    at ContractController.<anonymous> (C:\Users\lcsystem\Desktop\DEV\api-rempkine\src\controllers\contract.ts:275:18)
------------------------------------------------------------------------------------------------------------TypeError------------------------------------
Cannot read properties of undefined (reading 'updatedAt')
TypeError: Cannot read properties of undefined (reading 'updatedAt')
    at C:\Users\lcsystem\Desktop\DEV\api-rempkine\src\controllers\contract.ts:247:50
    at step (C:\Users\lcsystem\Desktop\DEV\api-rempkine\src\controllers\contract.ts:59:23)
    at Object.next (C:\Users\lcsystem\Desktop\DEV\api-rempkine\src\controllers\contract.ts:40:53)
    at step (C:\Users\lcsystem\Desktop\DEV\api-rempkine\src\controllers\contract.ts:44:139)
    at Object.next (C:\Users\lcsystem\Desktop\DEV\api-rempkine\src\controllers\contract.ts:40:53)
    at C:\Users\lcsystem\Desktop\DEV\api-rempkine\src\controllers\contract.ts:34:71
    at new Promise (<anonymous>)
    at __awaiter (C:\Users\lcsystem\Desktop\DEV\api-rempkine\src\controllers\contract.ts:30:12)
    at ContractController.SyncContractsUpdate (C:\Users\lcsystem\Desktop\DEV\api-rempkine\src\controllers\contract.ts:463:16)
    at ContractController.<anonymous> (C:\Users\lcsystem\Desktop\DEV\api-rempkine\src\controllers\contract.ts:277:18)
------------------------------------------------------------------------------------------------------------TypeError------------------------------------
Cannot read properties of undefined (reading 'updatedAt')
TypeError: Cannot read properties of undefined (reading 'updatedAt')
    at C:\Users\lcsystem\Desktop\DEV\api-rempkine\src\controllers\contract.ts:247:50
    at step (C:\Users\lcsystem\Desktop\DEV\api-rempkine\src\controllers\contract.ts:59:23)
    at Object.next (C:\Users\lcsystem\Desktop\DEV\api-rempkine\src\controllers\contract.ts:40:53)
    at step (C:\Users\lcsystem\Desktop\DEV\api-rempkine\src\controllers\contract.ts:44:139)
    at Object.next (C:\Users\lcsystem\Desktop\DEV\api-rempkine\src\controllers\contract.ts:40:53)
    at C:\Users\lcsystem\Desktop\DEV\api-rempkine\src\controllers\contract.ts:34:71
    at new Promise (<anonymous>)
    at __awaiter (C:\Users\lcsystem\Desktop\DEV\api-rempkine\src\controllers\contract.ts:30:12)
    at ContractController.SyncContractsUpdate (C:\Users\lcsystem\Desktop\DEV\api-rempkine\src\controllers\contract.ts:463:16)
    at ContractController.<anonymous> (C:\Users\lcsystem\Desktop\DEV\api-rempkine\src\controllers\contract.ts:277:18)
------------------------------------------------------------------------------------------------------------TypeError------------------------------------
Cannot read properties of undefined (reading 'updatedAt')
TypeError: Cannot read properties of undefined (reading 'updatedAt')
    at C:\Users\lcsystem\Desktop\DEV\api-rempkine\src\controllers\contract.ts:247:21
    at step (C:\Users\lcsystem\Desktop\DEV\api-rempkine\src\controllers\contract.ts:59:23)
    at Object.next (C:\Users\lcsystem\Desktop\DEV\api-rempkine\src\controllers\contract.ts:40:53)
    at step (C:\Users\lcsystem\Desktop\DEV\api-rempkine\src\controllers\contract.ts:44:139)
    at Object.next (C:\Users\lcsystem\Desktop\DEV\api-rempkine\src\controllers\contract.ts:40:53)
    at C:\Users\lcsystem\Desktop\DEV\api-rempkine\src\controllers\contract.ts:34:71
    at new Promise (<anonymous>)
    at __awaiter (C:\Users\lcsystem\Desktop\DEV\api-rempkine\src\controllers\contract.ts:30:12)
    at ContractController.SyncContractsUpdate (C:\Users\lcsystem\Desktop\DEV\api-rempkine\src\controllers\contract.ts:463:16)
    at ContractController.<anonymous> (C:\Users\lcsystem\Desktop\DEV\api-rempkine\src\controllers\contract.ts:280:18)
------------------------------------------------------------------------